<?xml version="1.0" encoding="UTF-8"?>
<Site BuildName="(empty)"
	BuildStamp="20240611-0605-Experimental"
	Name="vros-VirtualBox"
	Generator="ctest-3.16.3"
	CompilerName="/usr/bin/c++"
	CompilerVersion="9.4.0"
	OSName="Linux"
	Hostname="vros-VirtualBox"
	OSRelease="5.15.0-107-generic"
	OSVersion="#117~20.04.1-Ubuntu SMP Tue Apr 30 10:35:57 UTC 2024"
	OSPlatform="x86_64"
	Is64Bits="1"
	VendorString="GenuineIntel"
	VendorID="Intel Corporation"
	FamilyID="6"
	ModelID="140"
	ProcessorCacheSize="8192"
	NumberOfLogicalCPU="4"
	NumberOfPhysicalCPU="4"
	TotalVirtualMemory="1634"
	TotalPhysicalMemory="4793"
	LogicalProcessorsPerPhysical="1"
	ProcessorClockFrequency="2419.2"
	>
	<Testing>
		<StartDateTime>Jun 11 11:41 IST</StartDateTime>
		<StartTestTime>1718086275</StartTestTime>
		<TestList/>
		<EndDateTime>Jun 11 11:41 IST</EndDateTime>
		<EndTestTime>1718086275</EndTestTime>
		<ElapsedMinutes>0</ElapsedMinutes>
	</Testing>
</Site>
